  main.cpp
d:\myprogram\opengltemplate\opengltemplate\main.cpp(46): warning C4244: “=”: 从“double”转换到“T”，可能丢失数据
          with
          [
              T=float
          ]
d:\myprogram\opengltemplate\opengltemplate\main.cpp(47): warning C4244: “=”: 从“double”转换到“T”，可能丢失数据
          with
          [
              T=float
          ]
d:\myprogram\opengltemplate\opengltemplate\main.cpp(55): warning C4244: “=”: 从“double”转换到“T”，可能丢失数据
          with
          [
              T=float
          ]
d:\myprogram\opengltemplate\opengltemplate\main.cpp(56): warning C4244: “=”: 从“double”转换到“T”，可能丢失数据
          with
          [
              T=float
          ]
d:\myprogram\opengltemplate\opengltemplate\main.cpp(87): warning C4244: “=”: 从“double”转换到“T”，可能丢失数据
          with
          [
              T=float
          ]
d:\myprogram\opengltemplate\opengltemplate\main.cpp(88): warning C4244: “=”: 从“double”转换到“T”，可能丢失数据
          with
          [
              T=float
          ]
d:\myprogram\opengltemplate\opengltemplate\main.cpp(96): warning C4244: “=”: 从“double”转换到“T”，可能丢失数据
          with
          [
              T=float
          ]
d:\myprogram\opengltemplate\opengltemplate\main.cpp(97): warning C4244: “=”: 从“double”转换到“T”，可能丢失数据
          with
          [
              T=float
          ]
d:\myprogram\opengltemplate\opengltemplate\main.cpp(124): warning C4244: “初始化”: 从“float”转换到“int”，可能丢失数据
d:\myprogram\opengltemplate\opengltemplate\main.cpp(136): warning C4244: “参数”: 从“double”转换到“_Ty”，可能丢失数据
          with
          [
              _Ty=float
          ]
d:\myprogram\opengltemplate\opengltemplate\main.cpp(137): warning C4244: “参数”: 从“double”转换到“_Ty”，可能丢失数据
          with
          [
              _Ty=float
          ]
d:\myprogram\opengltemplate\opengltemplate\main.cpp(141): warning C4244: “参数”: 从“double”转换到“_Ty”，可能丢失数据
          with
          [
              _Ty=float
          ]
d:\myprogram\opengltemplate\opengltemplate\main.cpp(142): warning C4244: “参数”: 从“double”转换到“_Ty”，可能丢失数据
          with
          [
              _Ty=float
          ]
d:\myprogram\opengltemplate\opengltemplate\main.cpp(147): warning C4244: “参数”: 从“double”转换到“_Ty”，可能丢失数据
          with
          [
              _Ty=float
          ]
d:\myprogram\opengltemplate\opengltemplate\main.cpp(148): warning C4244: “参数”: 从“double”转换到“_Ty”，可能丢失数据
          with
          [
              _Ty=float
          ]
d:\myprogram\opengltemplate\opengltemplate\main.cpp(150): warning C4244: “参数”: 从“double”转换到“_Ty”，可能丢失数据
          with
          [
              _Ty=float
          ]
d:\myprogram\opengltemplate\opengltemplate\main.cpp(151): warning C4244: “参数”: 从“double”转换到“_Ty”，可能丢失数据
          with
          [
              _Ty=float
          ]
d:\myprogram\opengltemplate\opengltemplate\main.cpp(153): warning C4244: “=”: 从“double”转换到“T”，可能丢失数据
          with
          [
              T=float
          ]
d:\myprogram\opengltemplate\opengltemplate\main.cpp(154): warning C4244: “=”: 从“double”转换到“T”，可能丢失数据
          with
          [
              T=float
          ]
d:\myprogram\opengltemplate\opengltemplate\main.cpp(159): warning C4244: “参数”: 从“double”转换到“_Ty”，可能丢失数据
          with
          [
              _Ty=float
          ]
d:\myprogram\opengltemplate\opengltemplate\main.cpp(160): warning C4244: “参数”: 从“double”转换到“_Ty”，可能丢失数据
          with
          [
              _Ty=float
          ]
d:\myprogram\opengltemplate\opengltemplate\main.cpp(164): warning C4244: “参数”: 从“double”转换到“_Ty”，可能丢失数据
          with
          [
              _Ty=float
          ]
d:\myprogram\opengltemplate\opengltemplate\main.cpp(165): warning C4244: “参数”: 从“double”转换到“_Ty”，可能丢失数据
          with
          [
              _Ty=float
          ]
d:\myprogram\opengltemplate\opengltemplate\main.cpp(169): warning C4244: “参数”: 从“double”转换到“_Ty”，可能丢失数据
          with
          [
              _Ty=float
          ]
d:\myprogram\opengltemplate\opengltemplate\main.cpp(170): warning C4244: “参数”: 从“double”转换到“_Ty”，可能丢失数据
          with
          [
              _Ty=float
          ]
d:\myprogram\opengltemplate\opengltemplate\main.cpp(179): warning C4244: “参数”: 从“double”转换到“_Ty”，可能丢失数据
          with
          [
              _Ty=float
          ]
d:\myprogram\opengltemplate\opengltemplate\main.cpp(180): warning C4244: “参数”: 从“double”转换到“_Ty”，可能丢失数据
          with
          [
              _Ty=float
          ]
d:\myprogram\opengltemplate\opengltemplate\main.cpp(184): warning C4244: “参数”: 从“double”转换到“_Ty”，可能丢失数据
          with
          [
              _Ty=float
          ]
d:\myprogram\opengltemplate\opengltemplate\main.cpp(185): warning C4244: “参数”: 从“double”转换到“_Ty”，可能丢失数据
          with
          [
              _Ty=float
          ]
  OpenGLTemplate.vcxproj -> D:\Myprogram\OpenGLTemplate\Debug\OpenGLTemplate.exe
